Start testing: Nov 15 00:26 CET
----------------------------------------------------------
1/1 Testing: runUnitTests
1/1 Test: runUnitTests
Command: "/projects/github/mine/stm32-cmake/host/platform_for_tests/runUnitTests"
Directory: /projects/github/mine/stm32-cmake/host/platform_for_tests
"runUnitTests" start time: Nov 15 00:26 CET
Output:
----------------------------------------------------------
Running main() from gtest_main.cc
[==========] Running 1 test from 1 test case.
[----------] Global test environment set-up.
[----------] 1 test from FactorialTest
[ RUN      ] FactorialTest.Negative
[       OK ] FactorialTest.Negative (0 ms)
[----------] 1 test from FactorialTest (0 ms total)

[----------] Global test environment tear-down
[==========] 1 test from 1 test case ran. (0 ms total)
[  PASSED  ] 1 test.
<end of output>
Test time =   0.00 sec
----------------------------------------------------------
Test Passed.
"runUnitTests" end time: Nov 15 00:26 CET
"runUnitTests" time elapsed: 00:00:00
----------------------------------------------------------

End testing: Nov 15 00:26 CET
